<?xml version="1.0" encoding="UTF-8"?>
<testng-results skipped="0" failed="0" ignored="0" total="1" passed="1">
  <reporter-output>
  </reporter-output>
  <suite name="com.automation.selenium.examples.HelloWorldTest" duration-ms="7429" started-at="2016-12-28T06:33:42Z" finished-at="2016-12-28T06:33:50Z">
    <groups>
    </groups>
    <test name="Command line test" duration-ms="7429" started-at="2016-12-28T06:33:42Z" finished-at="2016-12-28T06:33:50Z">
      <class name="com.automation.selenium.examples.HelloWorldTest">
        <test-method status="PASS" signature="setUp()[pri:0, instance:com.automation.selenium.examples.HelloWorldTest@5ebec15]" name="setUp" is-config="true" duration-ms="7406" started-at="2016-12-28T12:03:42Z" finished-at="2016-12-28T12:03:50Z">
          <reporter-output>
          </reporter-output>
        </test-method> <!-- setUp -->
        <test-method status="PASS" signature="Test()[pri:0, instance:com.automation.selenium.examples.HelloWorldTest@5ebec15]" name="Test" duration-ms="2" started-at="2016-12-28T12:03:50Z" finished-at="2016-12-28T12:03:50Z">
          <reporter-output>
          </reporter-output>
        </test-method> <!-- Test -->
        <test-method status="PASS" signature="tearDown()[pri:0, instance:com.automation.selenium.examples.HelloWorldTest@5ebec15]" name="tearDown" is-config="true" duration-ms="0" started-at="2016-12-28T12:03:50Z" finished-at="2016-12-28T12:03:50Z">
          <reporter-output>
          </reporter-output>
        </test-method> <!-- tearDown -->
      </class> <!-- com.automation.selenium.examples.HelloWorldTest -->
    </test> <!-- Command line test -->
  </suite> <!-- com.automation.selenium.examples.HelloWorldTest -->
</testng-results>
