<?xml version="1.0" encoding="UTF-8"?>
<testng-results skipped="0" failed="0" ignored="0" total="1" passed="1">
  <reporter-output>
  </reporter-output>
  <suite name="Default suite" duration-ms="11083" started-at="2016-12-27T12:09:13Z" finished-at="2016-12-27T12:09:25Z">
    <groups>
    </groups>
    <test name="Default test" duration-ms="11083" started-at="2016-12-27T12:09:13Z" finished-at="2016-12-27T12:09:25Z">
      <class name="com.automation.selenium.examples.HelloWorldTest">
        <test-method status="PASS" signature="setUp()[pri:0, instance:com.automation.selenium.examples.HelloWorldTest@28d25987]" name="setUp" is-config="true" duration-ms="11058" started-at="2016-12-27T17:39:14Z" finished-at="2016-12-27T17:39:25Z">
          <reporter-output>
          </reporter-output>
        </test-method> <!-- setUp -->
        <test-method status="PASS" signature="Test()[pri:0, instance:com.automation.selenium.examples.HelloWorldTest@28d25987]" name="Test" duration-ms="4" started-at="2016-12-27T17:39:25Z" finished-at="2016-12-27T17:39:25Z">
          <reporter-output>
          </reporter-output>
        </test-method> <!-- Test -->
        <test-method status="FAIL" signature="tearDown()[pri:0, instance:com.automation.selenium.examples.HelloWorldTest@28d25987]" name="tearDown" is-config="true" duration-ms="0" started-at="2016-12-27T17:39:25Z" finished-at="2016-12-27T17:39:25Z">
          <exception class="java.lang.NullPointerException">
            <full-stacktrace>
              <![CDATA[java.lang.NullPointerException
	at com.automation.selenium.examples.HelloWorldTest.tearDown(HelloWorldTest.java:35)
	at sun.reflect.NativeMethodAccessorImpl.invoke0(Native Method)
	at sun.reflect.NativeMethodAccessorImpl.invoke(Unknown Source)
	at sun.reflect.DelegatingMethodAccessorImpl.invoke(Unknown Source)
	at java.lang.reflect.Method.invoke(Unknown Source)
	at org.testng.internal.MethodInvocationHelper.invokeMethod(MethodInvocationHelper.java:104)
	at org.testng.internal.Invoker.invokeConfigurationMethod(Invoker.java:515)
	at org.testng.internal.Invoker.invokeConfigurations(Invoker.java:217)
	at org.testng.internal.Invoker.invokeConfigurations(Invoker.java:144)
	at org.testng.internal.TestMethodWorker.invokeAfterClassMethods(TestMethodWorker.java:217)
	at org.testng.internal.TestMethodWorker.run(TestMethodWorker.java:115)
	at org.testng.TestRunner.privateRun(TestRunner.java:756)
	at org.testng.TestRunner.run(TestRunner.java:610)
	at org.testng.SuiteRunner.runTest(SuiteRunner.java:387)
	at org.testng.SuiteRunner.runSequentially(SuiteRunner.java:382)
	at org.testng.SuiteRunner.privateRun(SuiteRunner.java:340)
	at org.testng.SuiteRunner.run(SuiteRunner.java:289)
	at org.testng.SuiteRunnerWorker.runSuite(SuiteRunnerWorker.java:52)
	at org.testng.SuiteRunnerWorker.run(SuiteRunnerWorker.java:86)
	at org.testng.TestNG.runSuitesSequentially(TestNG.java:1293)
	at org.testng.TestNG.runSuitesLocally(TestNG.java:1218)
	at org.testng.TestNG.runSuites(TestNG.java:1133)
	at org.testng.TestNG.run(TestNG.java:1104)
	at org.testng.remote.AbstractRemoteTestNG.run(AbstractRemoteTestNG.java:132)
	at org.testng.remote.RemoteTestNG.initAndRun(RemoteTestNG.java:236)
	at org.testng.remote.RemoteTestNG.main(RemoteTestNG.java:81)
]]>
            </full-stacktrace>
          </exception> <!-- java.lang.NullPointerException -->
          <reporter-output>
          </reporter-output>
        </test-method> <!-- tearDown -->
      </class> <!-- com.automation.selenium.examples.HelloWorldTest -->
    </test> <!-- Default test -->
  </suite> <!-- Default suite -->
</testng-results>
